#-----------------------------------------------------------
# Vivado v2022.2 (64-bit)
# SW Build 3671981 on Fri Oct 14 04:59:54 MDT 2022
# IP Build 3669848 on Fri Oct 14 08:30:02 MDT 2022
# Start of session at: Tue May 27 11:23:47 2025
# Process ID: 17307
# Current directory: /home/fzwwj95/work/Learn
# Command line: vivado
# Log file: /home/fzwwj95/work/Learn/vivado.log
# Journal file: /home/fzwwj95/work/Learn/vivado.jou
# Running On: MSI, OS: Linux, CPU Frequency: 800.000 MHz, CPU Physical cores: 14, Host memory: 134726 MB
#-----------------------------------------------------------
start_gui
WARNING: [Board 49-26] cannot add Board Part xilinx.com:vek280_es:part0:1.0 available at /tools/Xilinx/Vivado/2022.2/data/xhub/boards/XilinxBoardStore/boards/Xilinx/vek280/es/1.0/board.xml as part xcve2802-vsvh1760-2lp-e-s-es1 specified in board_part file is either invalid or not available
WARNING: [Board 49-26] cannot add Board Part xilinx.com:vhk158_es:part0:1.0 available at /tools/Xilinx/Vivado/2022.2/data/xhub/boards/XilinxBoardStore/boards/Xilinx/vhk158/es/1.0/board.xml as part xcvh1582-vsva3697-2mp-e-s-es1 specified in board_part file is either invalid or not available
WARNING: [Board 49-26] cannot add Board Part xilinx.com:vpk120_es:part0:1.2 available at /tools/Xilinx/Vivado/2022.2/data/xhub/boards/XilinxBoardStore/boards/Xilinx/vpk120/es/1.2/board.xml as part xcvp1202-vsva2785-2mp-e-s-es1 specified in board_part file is either invalid or not available
WARNING: [Board 49-26] cannot add Board Part xilinx.com:vpk120_es_revb:part0:1.0 available at /tools/Xilinx/Vivado/2022.2/data/xhub/boards/XilinxBoardStore/boards/Xilinx/vpk120_revb/es/1.0/board.xml as part xcvp1202-vsva2785-2mp-e-s-es1 specified in board_part file is either invalid or not available
WARNING: [Board 49-26] cannot add Board Part xilinx.com:vpk180_es:part0:1.0 available at /tools/Xilinx/Vivado/2022.2/data/xhub/boards/XilinxBoardStore/boards/Xilinx/vpk180/es/1.0/board.xml as part xcvp1802-lsvc4072-2mp-e-s-es1 specified in board_part file is either invalid or not available
WARNING: [Board 49-26] cannot add Board Part xilinx.com:zcu208ld:part0:2.0 available at /tools/Xilinx/Vivado/2022.2/data/xhub/boards/XilinxBoardStore/boards/Xilinx/zcu208ld/production/2.0/board.xml as part xczu58dr-fsvg1517-2-i specified in board_part file is either invalid or not available
WARNING: [Board 49-26] cannot add Board Part xilinx.com:zcu216ld:part0:2.0 available at /tools/Xilinx/Vivado/2022.2/data/xhub/boards/XilinxBoardStore/boards/Xilinx/zcu216ld/production/2.0/board.xml as part xczu59dr-ffvf1760-2-i specified in board_part file is either invalid or not available
WARNING: [Board 49-26] cannot add Board Part xilinx.com:zcu670:part0:2.0 available at /tools/Xilinx/Vivado/2022.2/data/xhub/boards/XilinxBoardStore/boards/Xilinx/zcu670/2.0/board.xml as part xczu67dr-fsve1156-2-i specified in board_part file is either invalid or not available
WARNING: [Board 49-26] cannot add Board Part xilinx.com:zcu670ld:part0:1.0 available at /tools/Xilinx/Vivado/2022.2/data/xhub/boards/XilinxBoardStore/boards/Xilinx/zcu670ld/1.0/board.xml as part xczu57dr-fsve1156-2-i specified in board_part file is either invalid or not available
WARNING: [Board 49-26] cannot add Board Part xilinx.com:vek280_es:part0:1.0 available at /tools/Xilinx/Vivado/2022.2/data/xhub/boards/XilinxBoardStore/boards/Xilinx/vek280/es/1.0/board.xml as part xcve2802-vsvh1760-2lp-e-s-es1 specified in board_part file is either invalid or not available
WARNING: [Board 49-26] cannot add Board Part xilinx.com:vhk158_es:part0:1.0 available at /tools/Xilinx/Vivado/2022.2/data/xhub/boards/XilinxBoardStore/boards/Xilinx/vhk158/es/1.0/board.xml as part xcvh1582-vsva3697-2mp-e-s-es1 specified in board_part file is either invalid or not available
WARNING: [Board 49-26] cannot add Board Part xilinx.com:vpk120_es:part0:1.2 available at /tools/Xilinx/Vivado/2022.2/data/xhub/boards/XilinxBoardStore/boards/Xilinx/vpk120/es/1.2/board.xml as part xcvp1202-vsva2785-2mp-e-s-es1 specified in board_part file is either invalid or not available
WARNING: [Board 49-26] cannot add Board Part xilinx.com:vpk120_es_revb:part0:1.0 available at /tools/Xilinx/Vivado/2022.2/data/xhub/boards/XilinxBoardStore/boards/Xilinx/vpk120_revb/es/1.0/board.xml as part xcvp1202-vsva2785-2mp-e-s-es1 specified in board_part file is either invalid or not available
WARNING: [Board 49-26] cannot add Board Part xilinx.com:vpk180_es:part0:1.0 available at /tools/Xilinx/Vivado/2022.2/data/xhub/boards/XilinxBoardStore/boards/Xilinx/vpk180/es/1.0/board.xml as part xcvp1802-lsvc4072-2mp-e-s-es1 specified in board_part file is either invalid or not available
WARNING: [Board 49-26] cannot add Board Part xilinx.com:zcu208ld:part0:2.0 available at /tools/Xilinx/Vivado/2022.2/data/xhub/boards/XilinxBoardStore/boards/Xilinx/zcu208ld/production/2.0/board.xml as part xczu58dr-fsvg1517-2-i specified in board_part file is either invalid or not available
WARNING: [Board 49-26] cannot add Board Part xilinx.com:zcu216ld:part0:2.0 available at /tools/Xilinx/Vivado/2022.2/data/xhub/boards/XilinxBoardStore/boards/Xilinx/zcu216ld/production/2.0/board.xml as part xczu59dr-ffvf1760-2-i specified in board_part file is either invalid or not available
WARNING: [Board 49-26] cannot add Board Part xilinx.com:zcu670:part0:2.0 available at /tools/Xilinx/Vivado/2022.2/data/xhub/boards/XilinxBoardStore/boards/Xilinx/zcu670/2.0/board.xml as part xczu67dr-fsve1156-2-i specified in board_part file is either invalid or not available
WARNING: [Board 49-26] cannot add Board Part xilinx.com:zcu670ld:part0:1.0 available at /tools/Xilinx/Vivado/2022.2/data/xhub/boards/XilinxBoardStore/boards/Xilinx/zcu670ld/1.0/board.xml as part xczu57dr-fsve1156-2-i specified in board_part file is either invalid or not available
WARNING: [Board 49-26] cannot add Board Part xilinx.com:vek280_es:part0:1.0 available at /tools/Xilinx/Vivado/2022.2/data/xhub/boards/XilinxBoardStore/boards/Xilinx/vek280/es/1.0/board.xml as part xcve2802-vsvh1760-2lp-e-s-es1 specified in board_part file is either invalid or not available
WARNING: [Board 49-26] cannot add Board Part xilinx.com:vhk158_es:part0:1.0 available at /tools/Xilinx/Vivado/2022.2/data/xhub/boards/XilinxBoardStore/boards/Xilinx/vhk158/es/1.0/board.xml as part xcvh1582-vsva3697-2mp-e-s-es1 specified in board_part file is either invalid or not available
WARNING: [Board 49-26] cannot add Board Part xilinx.com:vpk120_es:part0:1.2 available at /tools/Xilinx/Vivado/2022.2/data/xhub/boards/XilinxBoardStore/boards/Xilinx/vpk120/es/1.2/board.xml as part xcvp1202-vsva2785-2mp-e-s-es1 specified in board_part file is either invalid or not available
WARNING: [Board 49-26] cannot add Board Part xilinx.com:vpk120_es_revb:part0:1.0 available at /tools/Xilinx/Vivado/2022.2/data/xhub/boards/XilinxBoardStore/boards/Xilinx/vpk120_revb/es/1.0/board.xml as part xcvp1202-vsva2785-2mp-e-s-es1 specified in board_part file is either invalid or not available
WARNING: [Board 49-26] cannot add Board Part xilinx.com:vpk180_es:part0:1.0 available at /tools/Xilinx/Vivado/2022.2/data/xhub/boards/XilinxBoardStore/boards/Xilinx/vpk180/es/1.0/board.xml as part xcvp1802-lsvc4072-2mp-e-s-es1 specified in board_part file is either invalid or not available
WARNING: [Board 49-26] cannot add Board Part xilinx.com:zcu208ld:part0:2.0 available at /tools/Xilinx/Vivado/2022.2/data/xhub/boards/XilinxBoardStore/boards/Xilinx/zcu208ld/production/2.0/board.xml as part xczu58dr-fsvg1517-2-i specified in board_part file is either invalid or not available
WARNING: [Board 49-26] cannot add Board Part xilinx.com:zcu216ld:part0:2.0 available at /tools/Xilinx/Vivado/2022.2/data/xhub/boards/XilinxBoardStore/boards/Xilinx/zcu216ld/production/2.0/board.xml as part xczu59dr-ffvf1760-2-i specified in board_part file is either invalid or not available
WARNING: [Board 49-26] cannot add Board Part xilinx.com:zcu670:part0:2.0 available at /tools/Xilinx/Vivado/2022.2/data/xhub/boards/XilinxBoardStore/boards/Xilinx/zcu670/2.0/board.xml as part xczu67dr-fsve1156-2-i specified in board_part file is either invalid or not available
WARNING: [Board 49-26] cannot add Board Part xilinx.com:zcu670ld:part0:1.0 available at /tools/Xilinx/Vivado/2022.2/data/xhub/boards/XilinxBoardStore/boards/Xilinx/zcu670ld/1.0/board.xml as part xczu57dr-fsve1156-2-i specified in board_part file is either invalid or not available
WARNING: [Board 49-26] cannot add Board Part xilinx.com:vek280_es:part0:1.0 available at /tools/Xilinx/Vivado/2022.2/data/xhub/boards/XilinxBoardStore/boards/Xilinx/vek280/es/1.0/board.xml as part xcve2802-vsvh1760-2lp-e-s-es1 specified in board_part file is either invalid or not available
WARNING: [Board 49-26] cannot add Board Part xilinx.com:vhk158_es:part0:1.0 available at /tools/Xilinx/Vivado/2022.2/data/xhub/boards/XilinxBoardStore/boards/Xilinx/vhk158/es/1.0/board.xml as part xcvh1582-vsva3697-2mp-e-s-es1 specified in board_part file is either invalid or not available
WARNING: [Board 49-26] cannot add Board Part xilinx.com:vpk120_es:part0:1.2 available at /tools/Xilinx/Vivado/2022.2/data/xhub/boards/XilinxBoardStore/boards/Xilinx/vpk120/es/1.2/board.xml as part xcvp1202-vsva2785-2mp-e-s-es1 specified in board_part file is either invalid or not available
WARNING: [Board 49-26] cannot add Board Part xilinx.com:vpk120_es_revb:part0:1.0 available at /tools/Xilinx/Vivado/2022.2/data/xhub/boards/XilinxBoardStore/boards/Xilinx/vpk120_revb/es/1.0/board.xml as part xcvp1202-vsva2785-2mp-e-s-es1 specified in board_part file is either invalid or not available
WARNING: [Board 49-26] cannot add Board Part xilinx.com:vpk180_es:part0:1.0 available at /tools/Xilinx/Vivado/2022.2/data/xhub/boards/XilinxBoardStore/boards/Xilinx/vpk180/es/1.0/board.xml as part xcvp1802-lsvc4072-2mp-e-s-es1 specified in board_part file is either invalid or not available
WARNING: [Board 49-26] cannot add Board Part xilinx.com:zcu208ld:part0:2.0 available at /tools/Xilinx/Vivado/2022.2/data/xhub/boards/XilinxBoardStore/boards/Xilinx/zcu208ld/production/2.0/board.xml as part xczu58dr-fsvg1517-2-i specified in board_part file is either invalid or not available
WARNING: [Board 49-26] cannot add Board Part xilinx.com:zcu216ld:part0:2.0 available at /tools/Xilinx/Vivado/2022.2/data/xhub/boards/XilinxBoardStore/boards/Xilinx/zcu216ld/production/2.0/board.xml as part xczu59dr-ffvf1760-2-i specified in board_part file is either invalid or not available
WARNING: [Board 49-26] cannot add Board Part xilinx.com:zcu670:part0:2.0 available at /tools/Xilinx/Vivado/2022.2/data/xhub/boards/XilinxBoardStore/boards/Xilinx/zcu670/2.0/board.xml as part xczu67dr-fsve1156-2-i specified in board_part file is either invalid or not available
WARNING: [Board 49-26] cannot add Board Part xilinx.com:zcu670ld:part0:1.0 available at /tools/Xilinx/Vivado/2022.2/data/xhub/boards/XilinxBoardStore/boards/Xilinx/zcu670ld/1.0/board.xml as part xczu57dr-fsve1156-2-i specified in board_part file is either invalid or not available
create_project uart /home/fzwwj95/work/Learn/FPGA/qi/04_uart -part xc7z010clg400-2
INFO: [IP_Flow 19-234] Refreshing IP repositories
INFO: [IP_Flow 19-1704] No user IP repositories specified
INFO: [IP_Flow 19-2313] Loaded Vivado IP repository '/tools/Xilinx/Vivado/2022.2/data/ip'.
add_files -norecurse {/home/fzwwj95/work/Learn/FPGA/qi/04_uart/src/uart_drive.v /home/fzwwj95/work/Learn/FPGA/qi/04_uart/src/uart_rx.v /home/fzwwj95/work/Learn/FPGA/qi/04_uart/src/CLK_DIV_module.v /home/fzwwj95/work/Learn/FPGA/qi/04_uart/src/uart_tx.v /home/fzwwj95/work/Learn/FPGA/qi/04_uart/src/UART_TOP.v /home/fzwwj95/work/Learn/FPGA/qi/04_uart/src/rst_gen_module.v}
update_compile_order -fileset sources_1
update_compile_order -fileset sources_1
create_ip -name clk_wiz -vendor xilinx.com -library ip -version 6.0 -module_name system_pll
set_property -dict [list \
  CONFIG.CLKIN1_JITTER_PS {40.0} \
  CONFIG.CLKIN1_UI_JITTER {0.002} \
  CONFIG.CLKOUT1_JITTER {175.579} \
  CONFIG.CLKOUT1_PHASE_ERROR {164.985} \
  CONFIG.CLKOUT1_REQUESTED_OUT_FREQ {50} \
  CONFIG.Component_Name {system_pll} \
  CONFIG.MMCM_CLKFBOUT_MULT_F {20.000} \
  CONFIG.MMCM_CLKIN1_PERIOD {20.000} \
  CONFIG.MMCM_CLKIN2_PERIOD {10.0} \
  CONFIG.MMCM_CLKOUT0_DIVIDE_F {20.000} \
  CONFIG.MMCM_REF_JITTER1 {0.002} \
  CONFIG.PRIM_IN_FREQ {50} \
] [get_ips system_pll]
WARNING: [Vivado 12-3523] Attempt to change 'Component_Name' from 'system_pll' to 'system_pll' is not allowed and is ignored.
generate_target {instantiation_template} [get_files /home/fzwwj95/work/Learn/FPGA/qi/04_uart/uart.srcs/sources_1/ip/system_pll/system_pll.xci]
INFO: [IP_Flow 19-1686] Generating 'Instantiation Template' target for IP 'system_pll'...
generate_target all [get_files  /home/fzwwj95/work/Learn/FPGA/qi/04_uart/uart.srcs/sources_1/ip/system_pll/system_pll.xci]
INFO: [IP_Flow 19-1686] Generating 'Synthesis' target for IP 'system_pll'...
INFO: [IP_Flow 19-1686] Generating 'Simulation' target for IP 'system_pll'...
INFO: [IP_Flow 19-1686] Generating 'Implementation' target for IP 'system_pll'...
INFO: [IP_Flow 19-1686] Generating 'Change Log' target for IP 'system_pll'...
catch { config_ip_cache -export [get_ips -all system_pll] }
INFO: [IP_Flow 19-6924] IPCACHE: Running cache check for IP inst: system_pll
export_ip_user_files -of_objects [get_files /home/fzwwj95/work/Learn/FPGA/qi/04_uart/uart.srcs/sources_1/ip/system_pll/system_pll.xci] -no_script -sync -force -quiet
create_ip_run [get_files -of_objects [get_fileset sources_1] /home/fzwwj95/work/Learn/FPGA/qi/04_uart/uart.srcs/sources_1/ip/system_pll/system_pll.xci]
launch_runs system_pll_synth_1 -jobs 10
INFO: [IP_Flow 19-6924] IPCACHE: Running cache check for IP inst: system_pll
[Tue May 27 11:26:02 2025] Launched system_pll_synth_1...
Run output will be captured here: /home/fzwwj95/work/Learn/FPGA/qi/04_uart/uart.runs/system_pll_synth_1/runme.log
export_simulation -of_objects [get_files /home/fzwwj95/work/Learn/FPGA/qi/04_uart/uart.srcs/sources_1/ip/system_pll/system_pll.xci] -directory /home/fzwwj95/work/Learn/FPGA/qi/04_uart/uart.ip_user_files/sim_scripts -ip_user_files_dir /home/fzwwj95/work/Learn/FPGA/qi/04_uart/uart.ip_user_files -ipstatic_source_dir /home/fzwwj95/work/Learn/FPGA/qi/04_uart/uart.ip_user_files/ipstatic -lib_map_path [list {modelsim=/home/fzwwj95/work/Learn/FPGA/qi/04_uart/uart.cache/compile_simlib/modelsim} {questa=/home/fzwwj95/work/Learn/FPGA/qi/04_uart/uart.cache/compile_simlib/questa} {xcelium=/home/fzwwj95/work/Learn/FPGA/qi/04_uart/uart.cache/compile_simlib/xcelium} {vcs=/home/fzwwj95/work/Learn/FPGA/qi/04_uart/uart.cache/compile_simlib/vcs} {riviera=/home/fzwwj95/work/Learn/FPGA/qi/04_uart/uart.cache/compile_simlib/riviera}] -use_ip_compiled_libs -force -quiet
launch_runs synth_1 -jobs 10
WARNING: [Vivado 12-7122] Auto Incremental Compile:: No reference checkpoint was found in run synth_1. Auto-incremental flow will not be run, the standard flow will be run instead.
[Tue May 27 11:26:12 2025] Launched system_pll_synth_1...
Run output will be captured here: /home/fzwwj95/work/Learn/FPGA/qi/04_uart/uart.runs/system_pll_synth_1/runme.log
[Tue May 27 11:26:12 2025] Launched synth_1...
Run output will be captured here: /home/fzwwj95/work/Learn/FPGA/qi/04_uart/uart.runs/synth_1/runme.log
launch_simulation
Command: launch_simulation 
INFO: [Vivado 12-12493] Simulation top is 'UART_TOP'
WARNING: [Vivado 12-13277] Compiled library path does not exist: ''
INFO: [Vivado 12-5698] Checking validity of IPs in the design for the 'XSim' simulator...
INFO: [Vivado 12-5682] Launching behavioral simulation in '/home/fzwwj95/work/Learn/FPGA/qi/04_uart/uart.sim/sim_1/behav/xsim'
INFO: [Vivado 12-4795] Using compiled simulation libraries for IPs
INFO: [SIM-utils-51] Simulation object is 'sim_1'
INFO: [SIM-utils-72] Using boost library from '/tools/Xilinx/Vivado/2022.2/tps/boost_1_72_0'
INFO: [USF-XSim-7] Finding pre-compiled libraries...
INFO: [USF-XSim-11] File '/tools/Xilinx/Vivado/2022.2/data/xsim/xsim.ini' copied to run dir:'/home/fzwwj95/work/Learn/FPGA/qi/04_uart/uart.sim/sim_1/behav/xsim'
INFO: [SIM-utils-54] Inspecting design source files for 'UART_TOP' in fileset 'sim_1'...
INFO: [USF-XSim-97] Finding global include files...
INFO: [USF-XSim-98] Fetching design files from 'sim_1'...
INFO: [USF-XSim-2] XSim::Compile design
INFO: [USF-XSim-61] Executing 'COMPILE and ANALYZE' step in '/home/fzwwj95/work/Learn/FPGA/qi/04_uart/uart.sim/sim_1/behav/xsim'
xvlog --incr --relax -prj UART_TOP_vlog.prj
INFO: [VRFC 10-2263] Analyzing Verilog file "/home/fzwwj95/work/Learn/FPGA/qi/04_uart/uart.gen/sources_1/ip/system_pll/system_pll_clk_wiz.v" into library xil_defaultlib
INFO: [VRFC 10-311] analyzing module system_pll_clk_wiz
INFO: [VRFC 10-2263] Analyzing Verilog file "/home/fzwwj95/work/Learn/FPGA/qi/04_uart/uart.gen/sources_1/ip/system_pll/system_pll.v" into library xil_defaultlib
INFO: [VRFC 10-311] analyzing module system_pll
INFO: [VRFC 10-2263] Analyzing Verilog file "/home/fzwwj95/work/Learn/FPGA/qi/04_uart/src/CLK_DIV_module.v" into library xil_defaultlib
INFO: [VRFC 10-311] analyzing module CLK_DIV_module
INFO: [VRFC 10-2263] Analyzing Verilog file "/home/fzwwj95/work/Learn/FPGA/qi/04_uart/src/rst_gen_module.v" into library xil_defaultlib
INFO: [VRFC 10-311] analyzing module rst_gen_module
INFO: [VRFC 10-2263] Analyzing Verilog file "/home/fzwwj95/work/Learn/FPGA/qi/04_uart/src/uart_drive.v" into library xil_defaultlib
INFO: [VRFC 10-311] analyzing module uart_drive
INFO: [VRFC 10-2263] Analyzing Verilog file "/home/fzwwj95/work/Learn/FPGA/qi/04_uart/src/uart_rx.v" into library xil_defaultlib
INFO: [VRFC 10-311] analyzing module uart_rx
INFO: [VRFC 10-2263] Analyzing Verilog file "/home/fzwwj95/work/Learn/FPGA/qi/04_uart/src/uart_tx.v" into library xil_defaultlib
INFO: [VRFC 10-311] analyzing module uart_tx
INFO: [VRFC 10-2263] Analyzing Verilog file "/home/fzwwj95/work/Learn/FPGA/qi/04_uart/src/UART_TOP.v" into library xil_defaultlib
INFO: [VRFC 10-311] analyzing module UART_TOP
INFO: [VRFC 10-2263] Analyzing Verilog file "/home/fzwwj95/work/Learn/FPGA/qi/04_uart/uart.sim/sim_1/behav/xsim/glbl.v" into library xil_defaultlib
INFO: [VRFC 10-311] analyzing module glbl
Waiting for jobs to finish...
No pending jobs, compilation finished.
INFO: [USF-XSim-69] 'compile' step finished in '1' seconds
INFO: [USF-XSim-3] XSim::Elaborate design
INFO: [USF-XSim-61] Executing 'ELABORATE' step in '/home/fzwwj95/work/Learn/FPGA/qi/04_uart/uart.sim/sim_1/behav/xsim'
xelab --incr --debug typical --relax --mt 8 -L xil_defaultlib -L unisims_ver -L unimacro_ver -L secureip -L xpm --snapshot UART_TOP_behav xil_defaultlib.UART_TOP xil_defaultlib.glbl -log elaborate.log
Vivado Simulator v2022.2
Copyright 1986-1999, 2001-2022 Xilinx, Inc. All Rights Reserved.
Running: /tools/Xilinx/Vivado/2022.2/bin/unwrapped/lnx64.o/xelab --incr --debug typical --relax --mt 8 -L xil_defaultlib -L unisims_ver -L unimacro_ver -L secureip -L xpm --snapshot UART_TOP_behav xil_defaultlib.UART_TOP xil_defaultlib.glbl -log elaborate.log 
Using 8 slave threads.
Starting static elaboration
Pass Through NonSizing Optimizer
WARNING: [VRFC 10-5021] port 'reset' is not connected on this instance [/home/fzwwj95/work/Learn/FPGA/qi/04_uart/src/UART_TOP.v:37]
Completed static elaboration
Starting simulation data flow analysis
Completed simulation data flow analysis
Time Resolution for simulation is 1ps
Compiling module unisims_ver.IBUF
Compiling module unisims_ver.MMCME2_ADV(CLKFBOUT_MULT_F=20.0,...
Compiling module unisims_ver.BUFG
Compiling module xil_defaultlib.system_pll_clk_wiz
Compiling module xil_defaultlib.system_pll
Compiling module xil_defaultlib.CLK_DIV_module(P_CLK_DIV_CNT=520...
Compiling module xil_defaultlib.rst_gen_module(P_RST_CYCLE=10)
Compiling module xil_defaultlib.uart_rx
Compiling module xil_defaultlib.uart_tx
Compiling module xil_defaultlib.uart_drive_default
Compiling module xil_defaultlib.UART_TOP
Compiling module xil_defaultlib.glbl
Built simulation snapshot UART_TOP_behav
INFO: [USF-XSim-69] 'elaborate' step finished in '2' seconds
INFO: [USF-XSim-4] XSim::Simulate design
INFO: [USF-XSim-61] Executing 'SIMULATE' step in '/home/fzwwj95/work/Learn/FPGA/qi/04_uart/uart.sim/sim_1/behav/xsim'
INFO: [USF-XSim-98] *** Running xsim
   with args "UART_TOP_behav -key {Behavioral:sim_1:Functional:UART_TOP} -tclbatch {UART_TOP.tcl} -log {simulate.log}"
INFO: [USF-XSim-8] Loading simulator feature
Time resolution is 1 ps
source UART_TOP.tcl
# set curr_wave [current_wave_config]
# if { [string length $curr_wave] == 0 } {
#   if { [llength [get_objects]] > 0} {
#     add_wave /
#     set_property needs_save false [current_wave_config]
#   } else {
#      send_msg_id Add_Wave-1 WARNING "No top level signals found. Simulator will start without a wave window. If you want to open a wave window go to 'File->New Waveform Configuration' or type 'create_wave_config' in the TCL console."
#   }
# }
# run 1000ns
INFO: [USF-XSim-96] XSim completed. Design snapshot 'UART_TOP_behav' loaded.
INFO: [USF-XSim-97] XSim simulation ran for 1000ns
close_sim
INFO: [Simtcl 6-16] Simulation closed
exit
INFO: [Common 17-206] Exiting Vivado at Tue May 27 13:05:42 2025...
